<?xml version="1.0" encoding="UTF-8"?>
<!-- Generated by org.testng.reporters.JUnitReportReporter -->
<testsuite hostname="DESKTOP-RBEDB73" failures="0" tests="1" name="com.RESTAssured.Automation.LearnPUTRequest" time="5.111" errors="0" timestamp="27 Nov 2023 15:24:54 GMT" skipped="0">
  <testcase classname="com.RESTAssured.Automation.LearnPUTRequest" name="learnputmethod" time="5.111"/>
</testsuite> <!-- com.RESTAssured.Automation.LearnPUTRequest -->
