<?xml version="1.0" encoding="UTF-8"?>
<!-- Generated by org.testng.reporters.JUnitReportReporter -->
<testsuite hostname="DESKTOP-RBEDB73" failures="0" tests="1" name="com.RESTAssured.Automation.TC03_POST_Method_Authorization" time="5.537" errors="0" timestamp="27 Nov 2023 14:46:15 GMT" skipped="0">
  <testcase classname="com.RESTAssured.Automation.TC03_POST_Method_Authorization" name="POST_Submit_Auth" time="5.537"/>
</testsuite> <!-- com.RESTAssured.Automation.TC03_POST_Method_Authorization -->
