<?xml version="1.0" encoding="UTF-8"?>
<!-- Generated by org.testng.reporters.JUnitReportReporter -->
<testsuite hostname="DESKTOP-RBEDB73" failures="0" tests="3" name="com.datadriven.testcases.LearnPUTRequest_Datadriven" time="6.150" errors="0" timestamp="29 Nov 2023 14:56:45 GMT" skipped="0">
  <testcase classname="com.datadriven.testcases.LearnPUTRequest_Datadriven" name="learnputmethod_datadriven" time="0.814"/>
  <testcase classname="com.datadriven.testcases.LearnPUTRequest_Datadriven" name="learnputmethod_datadriven" time="4.755"/>
  <testcase classname="com.datadriven.testcases.LearnPUTRequest_Datadriven" name="learnputmethod_datadriven" time="0.581"/>
</testsuite> <!-- com.datadriven.testcases.LearnPUTRequest_Datadriven -->
