<?xml version="1.0" encoding="UTF-8"?>
<!-- Generated by org.testng.reporters.JUnitReportReporter -->
<testsuite hostname="DESKTOP-RBEDB73" failures="0" tests="1" name="com.datadriven.testcases.LearnExcelDataRead" time="1.157" errors="0" timestamp="28 Nov 2023 15:04:24 GMT" skipped="0">
  <testcase classname="com.datadriven.testcases.LearnExcelDataRead" name="dataread" time="1.157"/>
</testsuite> <!-- com.datadriven.testcases.LearnExcelDataRead -->
