<?xml version="1.0" encoding="UTF-8"?>
<!-- Generated by org.testng.reporters.JUnitReportReporter -->
<testsuite hostname="DESKTOP-RBEDB73" failures="0" tests="3" name="com.datadriven.testcases.TC02_GET_Method_Datadriven" time="6.705" errors="0" timestamp="29 Nov 2023 15:15:09 GMT" skipped="0">
  <testcase classname="com.datadriven.testcases.TC02_GET_Method_Datadriven" name="GET_Submit_Auth" time="0.582"/>
  <testcase classname="com.datadriven.testcases.TC02_GET_Method_Datadriven" name="GET_Submit_Auth" time="0.483"/>
  <testcase classname="com.datadriven.testcases.TC02_GET_Method_Datadriven" name="GET_Submit_Auth" time="5.640"/>
</testsuite> <!-- com.datadriven.testcases.TC02_GET_Method_Datadriven -->
