<?xml version="1.0" encoding="UTF-8"?>
<!-- Generated by org.testng.reporters.JUnitReportReporter -->
<testsuite hostname="DESKTOP-RBEDB73" failures="0" tests="4" name="com.datadriven.testcases.TC01_POST_Method_Datadriven" time="7.065" errors="0" timestamp="28 Nov 2023 15:22:57 GMT" skipped="0">
  <testcase classname="com.datadriven.testcases.TC01_POST_Method_Datadriven" name="POST_Submit_Auth" time="0.512"/>
  <testcase classname="com.datadriven.testcases.TC01_POST_Method_Datadriven" name="POST_Submit_Auth" time="0.504"/>
  <testcase classname="com.datadriven.testcases.TC01_POST_Method_Datadriven" name="POST_Submit_Auth" time="0.554"/>
  <testcase classname="com.datadriven.testcases.TC01_POST_Method_Datadriven" name="POST_Submit_Auth" time="5.495"/>
</testsuite> <!-- com.datadriven.testcases.TC01_POST_Method_Datadriven -->
