<?xml version="1.0" encoding="UTF-8"?>
<!-- Generated by org.testng.reporters.JUnitReportReporter -->
<testsuite hostname="DESKTOP-RBEDB73" failures="0" tests="1" name="com.requestchain.TC03_POST_Method_Authorization" time="5.231" errors="0" timestamp="29 Nov 2023 15:34:16 GMT" skipped="0">
  <testcase classname="com.requestchain.TC03_POST_Method_Authorization" name="POST_Submit_Auth" time="5.231"/>
</testsuite> <!-- com.requestchain.TC03_POST_Method_Authorization -->
